2026-07-17 16:10:26.467 | TRACE    | plan_agent - ================================ Human Message =================================

What is the most widely manufactured AI chip in the dataset?'
2026-07-17 16:10:26.479 | TRACE    | plan_agent - ================================== Ai Message ==================================

Available tables: chip_companies_financials, fab_capacity, export_controls, chip_prices, ai_chip_market'
2026-07-17 16:10:39.676 | TRACE    | plan_agent - ================================== Ai Message ==================================

[{'type': 'text', 'text': ".\n\nTo determine the most widely manufactured AI chip, I should examine the `ai_chip_market` table. I'll inspect its schema and sample rows."}]
Tool Calls:
  sql_db_schema (9Wq8AIYf)
 Call ID: 9Wq8AIYf
  Args:
    table_names: ai_chip_market'
2026-07-17 16:10:39.703 | TRACE    | plan_agent - ================================= Tool Message =================================
Name: sql_db_schema

CREATE TABLE "ai_chip_market" (
  "year" BIGINT,
  "chip_name" TEXT,
  "vendor" TEXT,
  "launch_date" TEXT,
  "memory_gb" BIGINT,
  "fp16_tflops" BIGINT,
  "tdp_watts" BIGINT,
  "estimated_shipments_units" BIGINT,
  "estimated_asp_usd" BIGINT,
  "estimated_revenue_usd_m" DOUBLE PRECISION,
  "description" TEXT
)

/*
3 rows from ai_chip_market table:
year	chip_name	vendor	launch_date	memory_gb	fp16_tflops	tdp_watts	estimated_shipments_units	estimated_asp_usd	estimated_revenue_usd_m	description
2020	NVIDIA V100	NVIDIA	2017-05-10	32	100	300	6128	15000	91.9	Volta data center GPU
2021	NVIDIA V100	NVIDIA	2017-05-10	32	100	300	2719	15000	40.8	Volta data center GPU
2022	NVIDIA V100	NVIDIA	2017-05-10	32	100	300	3098	15000	46.5	Volta data center GPU
*/'
2026-07-17 16:10:47.701 | TRACE    | plan_agent - ================================== Ai Message ==================================

[]
Tool Calls:
  sql_db_query (LJNItfD3)
 Call ID: LJNItfD3
  Args:
    query: SELECT chip_name, SUM(estimated_shipments_units) AS total_units FROM ai_chip_market GROUP BY chip_name ORDER BY total_units DESC LIMIT 1'
2026-07-17 16:10:54.521 | TRACE    | plan_agent - ================================== Ai Message ==================================

[]
Tool Calls:
  sql_db_query (6GzUYKPQ)
 Call ID: 6GzUYKPQ
  Args:
    query: SELECT chip_name, SUM(estimated_shipments_units) AS total_units FROM ai_chip_market GROUP BY chip_name ORDER BY total_units DESC LIMIT 1;'
2026-07-17 16:10:54.533 | TRACE    | plan_agent - ================================= Tool Message =================================
Name: sql_db_query

[('NVIDIA H100', Decimal('6051821'))]'
2026-07-17 16:11:05.410 | TRACE    | plan_agent - ================================== Ai Message ==================================

[]
Tool Calls:
  sql_db_query (ukHdyBgp)
 Call ID: ukHdyBgp
  Args:
    query: SELECT SUM(estimated_shipments_units) AS total_units FROM ai_chip_market WHERE chip_name = 'NVIDIA H100';'
2026-07-17 16:11:12.736 | TRACE    | plan_agent - ================================== Ai Message ==================================

[]
Tool Calls:
  sql_db_query (14j6zsMb)
 Call ID: 14j6zsMb
  Args:
    query: SELECT SUM(estimated_shipments_units) AS total_units FROM ai_chip_market WHERE chip_name = 'NVIDIA H100';'
2026-07-17 16:11:12.748 | TRACE    | plan_agent - ================================= Tool Message =================================
Name: sql_db_query

[(Decimal('6051821'),)]'
2026-07-17 16:11:17.292 | TRACE    | plan_agent - ================================== Ai Message ==================================

[]
Tool Calls:
  sql_db_query (jkCvu3M2)
 Call ID: jkCvu3M2
  Args:
    query: SELECT chip_name, SUM(estimated_shipments_units) AS total_units FROM ai_chip_market GROUP BY chip_name ORDER BY total_units DESC LIMIT 3;'
2026-07-17 16:11:22.749 | TRACE    | plan_agent - ================================== Ai Message ==================================

[]
Tool Calls:
  sql_db_query (Q4sJM65H)
 Call ID: Q4sJM65H
  Args:
    query: SELECT chip_name, SUM(estimated_shipments_units) AS total_units FROM ai_chip_market GROUP BY chip_name ORDER BY total_units DESC LIMIT 3;'
2026-07-17 16:11:22.757 | TRACE    | plan_agent - ================================= Tool Message =================================
Name: sql_db_query

[('NVIDIA H100', Decimal('6051821')), ('Google TPU v5e', Decimal('1552137')), ('NVIDIA H200', Decimal('1176448'))]'
2026-07-17 16:11:33.157 | TRACE    | plan_agent - ================================== Ai Message ==================================

[]
Tool Calls:
  sql_db_query (1hB9AXcK)
 Call ID: 1hB9AXcK
  Args:
    query: SELECT chip_name, SUM(estimated_shipments_units) AS total_units FROM ai_chip_market GROUP BY chip_name ORDER BY total_units DESC LIMIT 1;'
2026-07-17 16:11:40.539 | TRACE    | plan_agent - ================================== Ai Message ==================================

[]
Tool Calls:
  sql_db_query (1xbnvw9t)
 Call ID: 1xbnvw9t
  Args:
    query: SELECT chip_name, SUM(estimated_shipments_units) AS total_units FROM ai_chip_market GROUP BY chip_name ORDER BY total_units DESC LIMIT 1;'
2026-07-17 16:11:40.547 | TRACE    | plan_agent - ================================= Tool Message =================================
Name: sql_db_query

[('NVIDIA H100', Decimal('6051821'))]'
2026-07-17 16:11:48.444 | TRACE    | plan_agent - ================================== Ai Message ==================================

[]
Tool Calls:
  sql_db_query (e0dugJmr)
 Call ID: e0dugJmr
  Args:
    query: SELECT chip_name, SUM(estimated_shipments_units) AS total_units FROM ai_chip_market GROUP BY chip_name ORDER BY total_units DESC LIMIT 1;'
2026-07-17 16:11:53.182 | TRACE    | plan_agent - ================================== Ai Message ==================================

[]
Tool Calls:
  sql_db_query (vilcl5lP)
 Call ID: vilcl5lP
  Args:
    query: SELECT chip_name, SUM(estimated_shipments_units) AS total_units FROM ai_chip_market GROUP BY chip_name ORDER BY total_units DESC LIMIT 1;'
2026-07-17 16:11:53.191 | TRACE    | plan_agent - ================================= Tool Message =================================
Name: sql_db_query

[('NVIDIA H100', Decimal('6051821'))]'
2026-07-17 16:12:08.404 | TRACE    | plan_agent - ================================== Ai Message ==================================

{"claims":[{"claim_text":"The NVIDIA H100 is the most widely manufactured AI chip in the dataset, with a total estimated shipment of 6,051,821 units.","claim_type":"ranking_top_k","subject":"NVIDIA H100","metric":"estimated_shipments_units","k":1,"filters":{},"evidence_ids":["e1"]}],"evidence":[{"id":"e1","sql":"SELECT chip_name, SUM(estimated_shipments_units) AS total_units FROM ai_chip_market GROUP BY chip_name ORDER BY total_units DESC LIMIT 1;","rows":[["NVIDIA H100",6051821]],"row_count":1,"columns":["chip_name","total_units"],"result_fingerprint":null}]}'
2026-07-17 16:12:08.414 | INFO     | verifications - Verifying 1 claims'
2026-07-17 16:12:08.416 | INFO     | verifications - Hash verified for evidence e1'
2026-07-17 16:12:08.417 | INFO     | verifications - Verifying claim The NVIDIA H100 is the most widely manufactured AI chip in the dataset, with a total estimated shipment of 6,051,821 units.'
